Batch size: 16
Batch head positions: tensor([1, 1, 1, 1, 0, 0, 1, 1, 1, 1, 1, 0, 1, 0, 1, 0], device='cuda:2')
Shape of batch_head_positions: torch.Size([16])
Head query: tensor([[[-0.2129,  0.2792, -0.2145,  ..., -0.7112, -0.1380, -0.7468]],

        [[-0.1130, -0.5772, -0.9416,  ...,  0.6769, -0.2919, -0.6040]],

        [[-0.1093, -0.2434, -1.2538,  ...,  0.3197, -1.5445,  0.3000]],

        ...,

        [[-0.0389,  0.6625,  0.6044,  ...,  0.0455,  0.4943, -0.1224]],

        [[ 0.6730,  0.4595,  0.1060,  ..., -0.9369, -0.7476, -0.0749]],

        [[-0.5159,  0.6030, -0.2879,  ...,  0.0443, -0.9770, -0.0421]]],
       device='cuda:2', grad_fn=<UnsqueezeBackward0>)
Shape of head_query: torch.Size([16, 1, 1024])
Mention outputs: tensor([[[[ 1.1503e-01,  3.8346e-01,  4.0761e-02,  ..., -1.2500e+11,
           -1.2500e+11, -1.2500e+11],
          [-1.2500e+11,  3.0086e-02, -4.8768e-01,  ..., -1.2500e+11,
           -1.2500e+11, -1.2500e+11],
          [-1.2500e+11, -1.2500e+11, -1.7430e-01,  ..., -1.2500e+11,
           -1.2500e+11, -1.2500e+11],
          ...,
          [-1.2500e+11, -1.2500e+11, -1.2500e+11,  ..., -1.2500e+11,
           -1.2500e+11, -1.2500e+11],
          [-1.2500e+11, -1.2500e+11, -1.2500e+11,  ..., -2.5000e+11,
           -1.2500e+11, -1.2500e+11],
          [-1.2500e+11, -1.2500e+11, -1.2500e+11,  ..., -2.5000e+11,
           -2.5000e+11, -1.2500e+11]],

         [[ 9.9493e-02,  6.0914e-01,  2.9383e-01,  ..., -1.2500e+11,
           -1.2500e+11, -1.2500e+11],
          [-1.2500e+11,  3.3615e-01,  2.6545e-01,  ..., -1.2500e+11,
           -1.2500e+11, -1.2500e+11],
          [-1.2500e+11, -1.2500e+11, -1.5591e-01,  ..., -1.2500e+11,
           -1.2500e+11, -1.2500e+11],
          ...,
          [-1.2500e+11, -1.2500e+11, -1.2500e+11,  ..., -1.2500e+11,
           -1.2500e+11, -1.2500e+11],
          [-1.2500e+11, -1.2500e+11, -1.2500e+11,  ..., -2.5000e+11,
           -1.2500e+11, -1.2500e+11],
          [-1.2500e+11, -1.2500e+11, -1.2500e+11,  ..., -2.5000e+11,
           -2.5000e+11, -1.2500e+11]],

         [[ 3.4893e-01,  4.2583e-01,  2.0540e-01,  ..., -1.2500e+11,
           -1.2500e+11, -1.2500e+11],
          [-1.2500e+11,  4.2955e-01,  2.6777e-01,  ..., -1.2500e+11,
           -1.2500e+11, -1.2500e+11],
          [-1.2500e+11, -1.2500e+11,  5.2732e-01,  ..., -1.2500e+11,
           -1.2500e+11, -1.2500e+11],
          ...,
          [-1.2500e+11, -1.2500e+11, -1.2500e+11,  ..., -1.2500e+11,
           -1.2500e+11, -1.2500e+11],
          [-1.2500e+11, -1.2500e+11, -1.2500e+11,  ..., -2.5000e+11,
           -1.2500e+11, -1.2500e+11],
          [-1.2500e+11, -1.2500e+11, -1.2500e+11,  ..., -2.5000e+11,
           -2.5000e+11, -1.2500e+11]],

         ...,

         [[-2.9216e-01, -4.2026e-01, -4.3429e-01,  ..., -1.2500e+11,
           -1.2500e+11, -1.2500e+11],
          [-1.2500e+11,  1.9544e-02,  1.7311e-01,  ..., -1.2500e+11,
           -1.2500e+11, -1.2500e+11],
          [-1.2500e+11, -1.2500e+11,  8.3313e-02,  ..., -1.2500e+11,
           -1.2500e+11, -1.2500e+11],
          ...,
          [-1.2500e+11, -1.2500e+11, -1.2500e+11,  ..., -1.2500e+11,
           -1.2500e+11, -1.2500e+11],
          [-1.2500e+11, -1.2500e+11, -1.2500e+11,  ..., -2.5000e+11,
           -1.2500e+11, -1.2500e+11],
          [-1.2500e+11, -1.2500e+11, -1.2500e+11,  ..., -2.5000e+11,
           -2.5000e+11, -1.2500e+11]],

         [[ 1.0187e-01, -3.6183e-01, -4.3065e-01,  ..., -1.2500e+11,
           -1.2500e+11, -1.2500e+11],
          [-1.2500e+11,  7.6813e-02,  7.3071e-02,  ..., -1.2500e+11,
           -1.2500e+11, -1.2500e+11],
          [-1.2500e+11, -1.2500e+11,  7.7187e-01,  ..., -1.2500e+11,
           -1.2500e+11, -1.2500e+11],
          ...,
          [-1.2500e+11, -1.2500e+11, -1.2500e+11,  ..., -1.2500e+11,
           -1.2500e+11, -1.2500e+11],
          [-1.2500e+11, -1.2500e+11, -1.2500e+11,  ..., -2.5000e+11,
           -1.2500e+11, -1.2500e+11],
          [-1.2500e+11, -1.2500e+11, -1.2500e+11,  ..., -2.5000e+11,
           -2.5000e+11, -1.2500e+11]],

         [[-4.0082e-02,  7.0988e-02, -1.8053e-01,  ..., -1.2500e+11,
           -1.2500e+11, -1.2500e+11],
          [-1.2500e+11, -6.6491e-01, -8.8008e-01,  ..., -1.2500e+11,
           -1.2500e+11, -1.2500e+11],
          [-1.2500e+11, -1.2500e+11, -5.8149e-01,  ..., -1.2500e+11,
           -1.2500e+11, -1.2500e+11],
          ...,
          [-1.2500e+11, -1.2500e+11, -1.2500e+11,  ..., -1.2500e+11,
           -1.2500e+11, -1.2500e+11],
          [-1.2500e+11, -1.2500e+11, -1.2500e+11,  ..., -2.5000e+11,
           -1.2500e+11, -1.2500e+11],
          [-1.2500e+11, -1.2500e+11, -1.2500e+11,  ..., -2.5000e+11,
           -2.5000e+11, -1.2500e+11]]],


        [[[ 1.4947e-01, -1.1013e-01, -4.6385e-01,  ...,  5.2096e-01,
           -6.2206e-01, -6.3807e-01],
          [-1.2500e+11, -4.2191e-01, -5.7827e-01,  ..., -1.5950e-01,
           -7.1379e-01, -5.3752e-01],
          [-1.2500e+11, -1.2500e+11,  2.1804e-02,  ..., -5.0591e-02,
           -4.5590e-01, -1.1612e-01],
          ...,
          [-1.2500e+11, -1.2500e+11, -1.2500e+11,  ..., -6.0834e-01,
           -3.0464e-01, -3.9988e-01],
          [-1.2500e+11, -1.2500e+11, -1.2500e+11,  ..., -1.2500e+11,
            2.1334e-01,  2.4200e-01],
          [-1.2500e+11, -1.2500e+11, -1.2500e+11,  ..., -1.2500e+11,
           -1.2500e+11,  1.4495e-01]],

         [[-1.5950e-01, -1.3052e-01, -2.6218e-01,  ..., -7.1326e-01,
            3.1332e-01,  3.1778e-01],
          [-1.2500e+11,  2.3762e-03,  2.7812e-01,  ..., -6.8229e-01,
           -1.1844e-01,  3.1237e-02],
          [-1.2500e+11, -1.2500e+11,  9.1257e-01,  ...,  1.2181e-01,
            5.4310e-02,  1.8416e-01],
          ...,
          [-1.2500e+11, -1.2500e+11, -1.2500e+11,  ...,  3.1918e-01,
            7.7757e-02, -5.1215e-01],
          [-1.2500e+11, -1.2500e+11, -1.2500e+11,  ..., -1.2500e+11,
            3.9942e-02, -3.1365e-01],
          [-1.2500e+11, -1.2500e+11, -1.2500e+11,  ..., -1.2500e+11,
           -1.2500e+11,  5.9526e-02]],

         [[ 2.7017e-02,  4.1100e-01,  3.6860e-01,  ...,  3.9596e-01,
            3.4799e-01,  3.0855e-01],
          [-1.2500e+11,  4.5901e-01,  1.2621e-01,  ..., -2.2374e-01,
            6.1444e-02,  1.6435e-01],
          [-1.2500e+11, -1.2500e+11,  4.2880e-01,  ...,  2.8306e-01,
            4.0424e-01,  3.6274e-01],
          ...,
          [-1.2500e+11, -1.2500e+11, -1.2500e+11,  ...,  3.4713e-01,
            7.6620e-01,  1.0369e+00],
          [-1.2500e+11, -1.2500e+11, -1.2500e+11,  ..., -1.2500e+11,
            4.5003e-01,  3.3613e-01],
          [-1.2500e+11, -1.2500e+11, -1.2500e+11,  ..., -1.2500e+11,
           -1.2500e+11,  6.9329e-01]],

         ...,

         [[-1.2410e+00, -1.1159e+00, -1.6171e+00,  ..., -7.7984e-01,
           -2.0375e-02,  3.0238e-01],
          [-1.2500e+11, -6.5211e-01, -9.6606e-01,  ..., -3.7124e-01,
           -5.8820e-01, -9.6188e-02],
          [-1.2500e+11, -1.2500e+11, -1.0641e+00,  ..., -9.4284e-01,
           -1.0986e+00, -6.6348e-01],
          ...,
          [-1.2500e+11, -1.2500e+11, -1.2500e+11,  ..., -4.2953e-01,
           -2.8183e-01, -4.1248e-01],
          [-1.2500e+11, -1.2500e+11, -1.2500e+11,  ..., -1.2500e+11,
           -9.6241e-01, -9.7542e-01],
          [-1.2500e+11, -1.2500e+11, -1.2500e+11,  ..., -1.2500e+11,
           -1.2500e+11, -8.0469e-01]],

         [[ 2.2062e-01, -1.5854e-01,  5.4500e-02,  ..., -8.9521e-02,
            7.3006e-01,  5.0028e-01],
          [-1.2500e+11,  6.6823e-01,  8.0781e-01,  ...,  6.3814e-01,
            7.7255e-01,  9.2410e-01],
          [-1.2500e+11, -1.2500e+11,  1.2171e+00,  ...,  6.9801e-01,
            8.4005e-01,  8.4827e-01],
          ...,
          [-1.2500e+11, -1.2500e+11, -1.2500e+11,  ...,  2.6851e-02,
            3.0694e-02, -3.5062e-01],
          [-1.2500e+11, -1.2500e+11, -1.2500e+11,  ..., -1.2500e+11,
            8.5594e-02, -2.7736e-01],
          [-1.2500e+11, -1.2500e+11, -1.2500e+11,  ..., -1.2500e+11,
           -1.2500e+11, -2.0535e-01]],

         [[-8.4409e-01, -8.0261e-01, -5.2052e-01,  ..., -5.8692e-01,
           -2.7181e-01, -1.1190e-01],
          [-1.2500e+11, -1.5558e-01,  1.0040e-01,  ..., -8.2521e-02,
            4.1521e-01,  4.4207e-01],
          [-1.2500e+11, -1.2500e+11, -1.1137e-01,  ..., -3.1963e-01,
           -1.5348e-01, -5.0585e-02],
          ...,
          [-1.2500e+11, -1.2500e+11, -1.2500e+11,  ..., -8.4884e-01,
           -9.6193e-01, -1.1872e+00],
          [-1.2500e+11, -1.2500e+11, -1.2500e+11,  ..., -1.2500e+11,
           -5.8359e-01, -6.0566e-01],
          [-1.2500e+11, -1.2500e+11, -1.2500e+11,  ..., -1.2500e+11,
           -1.2500e+11, -6.7394e-01]]],


        [[[-3.3010e-02,  3.6632e-02, -1.2003e-01,  ..., -1.2500e+11,
           -1.2500e+11, -1.2500e+11],
          [-1.2500e+11,  5.3535e-01,  2.1869e-01,  ..., -1.2500e+11,
           -1.2500e+11, -1.2500e+11],
          [-1.2500e+11, -1.2500e+11,  4.7046e-03,  ..., -1.2500e+11,
           -1.2500e+11, -1.2500e+11],
          ...,
          [-1.2500e+11, -1.2500e+11, -1.2500e+11,  ..., -1.2500e+11,
           -1.2500e+11, -1.2500e+11],
          [-1.2500e+11, -1.2500e+11, -1.2500e+11,  ..., -2.5000e+11,
           -1.2500e+11, -1.2500e+11],
          [-1.2500e+11, -1.2500e+11, -1.2500e+11,  ..., -2.5000e+11,
           -2.5000e+11, -1.2500e+11]],

         [[ 2.1841e-02,  5.0147e-01, -1.2120e-01,  ..., -1.2500e+11,
           -1.2500e+11, -1.2500e+11],
          [-1.2500e+11, -1.6856e-01, -1.6861e-01,  ..., -1.2500e+11,
           -1.2500e+11, -1.2500e+11],
          [-1.2500e+11, -1.2500e+11, -2.9562e-01,  ..., -1.2500e+11,
           -1.2500e+11, -1.2500e+11],
          ...,
          [-1.2500e+11, -1.2500e+11, -1.2500e+11,  ..., -1.2500e+11,
           -1.2500e+11, -1.2500e+11],
          [-1.2500e+11, -1.2500e+11, -1.2500e+11,  ..., -2.5000e+11,
           -1.2500e+11, -1.2500e+11],
          [-1.2500e+11, -1.2500e+11, -1.2500e+11,  ..., -2.5000e+11,
           -2.5000e+11, -1.2500e+11]],

         [[ 1.9079e-01,  3.2996e-01,  1.5501e-01,  ..., -1.2500e+11,
           -1.2500e+11, -1.2500e+11],
          [-1.2500e+11,  6.4255e-01,  3.7310e-02,  ..., -1.2500e+11,
           -1.2500e+11, -1.2500e+11],
          [-1.2500e+11, -1.2500e+11,  2.4805e-02,  ..., -1.2500e+11,
           -1.2500e+11, -1.2500e+11],
          ...,
          [-1.2500e+11, -1.2500e+11, -1.2500e+11,  ..., -1.2500e+11,
           -1.2500e+11, -1.2500e+11],
          [-1.2500e+11, -1.2500e+11, -1.2500e+11,  ..., -2.5000e+11,
           -1.2500e+11, -1.2500e+11],
          [-1.2500e+11, -1.2500e+11, -1.2500e+11,  ..., -2.5000e+11,
           -2.5000e+11, -1.2500e+11]],

         ...,

         [[ 6.6859e-02, -1.3187e-01, -4.5565e-01,  ..., -1.2500e+11,
           -1.2500e+11, -1.2500e+11],
          [-1.2500e+11, -3.3431e-01, -2.1041e-01,  ..., -1.2500e+11,
           -1.2500e+11, -1.2500e+11],
          [-1.2500e+11, -1.2500e+11, -2.7567e-01,  ..., -1.2500e+11,
           -1.2500e+11, -1.2500e+11],
          ...,
          [-1.2500e+11, -1.2500e+11, -1.2500e+11,  ..., -1.2500e+11,
           -1.2500e+11, -1.2500e+11],
          [-1.2500e+11, -1.2500e+11, -1.2500e+11,  ..., -2.5000e+11,
           -1.2500e+11, -1.2500e+11],
          [-1.2500e+11, -1.2500e+11, -1.2500e+11,  ..., -2.5000e+11,
           -2.5000e+11, -1.2500e+11]],

         [[ 8.8708e-01,  3.4112e-01,  4.5782e-01,  ..., -1.2500e+11,
           -1.2500e+11, -1.2500e+11],
          [-1.2500e+11,  9.3773e-01,  1.0772e+00,  ..., -1.2500e+11,
           -1.2500e+11, -1.2500e+11],
          [-1.2500e+11, -1.2500e+11,  9.6446e-01,  ..., -1.2500e+11,
           -1.2500e+11, -1.2500e+11],
          ...,
          [-1.2500e+11, -1.2500e+11, -1.2500e+11,  ..., -1.2500e+11,
           -1.2500e+11, -1.2500e+11],
          [-1.2500e+11, -1.2500e+11, -1.2500e+11,  ..., -2.5000e+11,
           -1.2500e+11, -1.2500e+11],
          [-1.2500e+11, -1.2500e+11, -1.2500e+11,  ..., -2.5000e+11,
           -2.5000e+11, -1.2500e+11]],

         [[-4.7739e-01,  5.6690e-01,  4.1517e-01,  ..., -1.2500e+11,
           -1.2500e+11, -1.2500e+11],
          [-1.2500e+11,  5.3666e-01,  9.2081e-01,  ..., -1.2500e+11,
           -1.2500e+11, -1.2500e+11],
          [-1.2500e+11, -1.2500e+11,  2.6413e-01,  ..., -1.2500e+11,
           -1.2500e+11, -1.2500e+11],
          ...,
          [-1.2500e+11, -1.2500e+11, -1.2500e+11,  ..., -1.2500e+11,
           -1.2500e+11, -1.2500e+11],
          [-1.2500e+11, -1.2500e+11, -1.2500e+11,  ..., -2.5000e+11,
           -1.2500e+11, -1.2500e+11],
          [-1.2500e+11, -1.2500e+11, -1.2500e+11,  ..., -2.5000e+11,
           -2.5000e+11, -1.2500e+11]]],


        ...,


        [[[ 1.5945e-01, -3.8580e-02, -7.5716e-02,  ..., -1.2500e+11,
           -1.2500e+11, -1.2500e+11],
          [-1.2500e+11, -2.6230e-02, -2.5553e-01,  ..., -1.2500e+11,
           -1.2500e+11, -1.2500e+11],
          [-1.2500e+11, -1.2500e+11, -2.5881e-01,  ..., -1.2500e+11,
           -1.2500e+11, -1.2500e+11],
          ...,
          [-1.2500e+11, -1.2500e+11, -1.2500e+11,  ..., -1.2500e+11,
           -1.2500e+11, -1.2500e+11],
          [-1.2500e+11, -1.2500e+11, -1.2500e+11,  ..., -2.5000e+11,
           -1.2500e+11, -1.2500e+11],
          [-1.2500e+11, -1.2500e+11, -1.2500e+11,  ..., -2.5000e+11,
           -2.5000e+11, -1.2500e+11]],

         [[-1.0273e-01,  1.0951e-02,  3.1176e-01,  ..., -1.2500e+11,
           -1.2500e+11, -1.2500e+11],
          [-1.2500e+11, -1.6358e-01,  2.2955e-01,  ..., -1.2500e+11,
           -1.2500e+11, -1.2500e+11],
          [-1.2500e+11, -1.2500e+11,  1.1989e-01,  ..., -1.2500e+11,
           -1.2500e+11, -1.2500e+11],
          ...,
          [-1.2500e+11, -1.2500e+11, -1.2500e+11,  ..., -1.2500e+11,
           -1.2500e+11, -1.2500e+11],
          [-1.2500e+11, -1.2500e+11, -1.2500e+11,  ..., -2.5000e+11,
           -1.2500e+11, -1.2500e+11],
          [-1.2500e+11, -1.2500e+11, -1.2500e+11,  ..., -2.5000e+11,
           -2.5000e+11, -1.2500e+11]],

         [[ 2.9346e-01,  1.6232e-02,  4.4106e-01,  ..., -1.2500e+11,
           -1.2500e+11, -1.2500e+11],
          [-1.2500e+11, -6.3105e-02,  4.9237e-01,  ..., -1.2500e+11,
           -1.2500e+11, -1.2500e+11],
          [-1.2500e+11, -1.2500e+11,  6.0353e-01,  ..., -1.2500e+11,
           -1.2500e+11, -1.2500e+11],
          ...,
          [-1.2500e+11, -1.2500e+11, -1.2500e+11,  ..., -1.2500e+11,
           -1.2500e+11, -1.2500e+11],
          [-1.2500e+11, -1.2500e+11, -1.2500e+11,  ..., -2.5000e+11,
           -1.2500e+11, -1.2500e+11],
          [-1.2500e+11, -1.2500e+11, -1.2500e+11,  ..., -2.5000e+11,
           -2.5000e+11, -1.2500e+11]],

         ...,

         [[ 3.7706e-01, -1.0715e-01, -8.4064e-01,  ..., -1.2500e+11,
           -1.2500e+11, -1.2500e+11],
          [-1.2500e+11,  5.0351e-01, -3.3939e-01,  ..., -1.2500e+11,
           -1.2500e+11, -1.2500e+11],
          [-1.2500e+11, -1.2500e+11, -6.0338e-01,  ..., -1.2500e+11,
           -1.2500e+11, -1.2500e+11],
          ...,
          [-1.2500e+11, -1.2500e+11, -1.2500e+11,  ..., -1.2500e+11,
           -1.2500e+11, -1.2500e+11],
          [-1.2500e+11, -1.2500e+11, -1.2500e+11,  ..., -2.5000e+11,
           -1.2500e+11, -1.2500e+11],
          [-1.2500e+11, -1.2500e+11, -1.2500e+11,  ..., -2.5000e+11,
           -2.5000e+11, -1.2500e+11]],

         [[ 3.2025e-01, -1.0619e-02, -9.3703e-02,  ..., -1.2500e+11,
           -1.2500e+11, -1.2500e+11],
          [-1.2500e+11, -1.2663e-01, -2.9167e-01,  ..., -1.2500e+11,
           -1.2500e+11, -1.2500e+11],
          [-1.2500e+11, -1.2500e+11,  2.2725e-02,  ..., -1.2500e+11,
           -1.2500e+11, -1.2500e+11],
          ...,
          [-1.2500e+11, -1.2500e+11, -1.2500e+11,  ..., -1.2500e+11,
           -1.2500e+11, -1.2500e+11],
          [-1.2500e+11, -1.2500e+11, -1.2500e+11,  ..., -2.5000e+11,
           -1.2500e+11, -1.2500e+11],
          [-1.2500e+11, -1.2500e+11, -1.2500e+11,  ..., -2.5000e+11,
           -2.5000e+11, -1.2500e+11]],

         [[-4.9849e-01, -3.8566e-01, -2.7174e-01,  ..., -1.2500e+11,
           -1.2500e+11, -1.2500e+11],
          [-1.2500e+11, -3.7931e-01, -5.9445e-01,  ..., -1.2500e+11,
           -1.2500e+11, -1.2500e+11],
          [-1.2500e+11, -1.2500e+11, -8.4290e-01,  ..., -1.2500e+11,
           -1.2500e+11, -1.2500e+11],
          ...,
          [-1.2500e+11, -1.2500e+11, -1.2500e+11,  ..., -1.2500e+11,
           -1.2500e+11, -1.2500e+11],
          [-1.2500e+11, -1.2500e+11, -1.2500e+11,  ..., -2.5000e+11,
           -1.2500e+11, -1.2500e+11],
          [-1.2500e+11, -1.2500e+11, -1.2500e+11,  ..., -2.5000e+11,
           -2.5000e+11, -1.2500e+11]]],


        [[[-2.0566e-01, -4.1399e-01, -6.1750e-01,  ..., -1.2500e+11,
           -1.2500e+11, -1.2500e+11],
          [-1.2500e+11,  1.0362e-01, -2.7697e-01,  ..., -1.2500e+11,
           -1.2500e+11, -1.2500e+11],
          [-1.2500e+11, -1.2500e+11, -4.7298e-01,  ..., -1.2500e+11,
           -1.2500e+11, -1.2500e+11],
          ...,
          [-1.2500e+11, -1.2500e+11, -1.2500e+11,  ..., -1.2500e+11,
           -1.2500e+11, -1.2500e+11],
          [-1.2500e+11, -1.2500e+11, -1.2500e+11,  ..., -2.5000e+11,
           -1.2500e+11, -1.2500e+11],
          [-1.2500e+11, -1.2500e+11, -1.2500e+11,  ..., -2.5000e+11,
           -2.5000e+11, -1.2500e+11]],

         [[-2.1167e-01,  3.3366e-01,  9.8549e-02,  ..., -1.2500e+11,
           -1.2500e+11, -1.2500e+11],
          [-1.2500e+11,  3.2837e-01,  2.2909e-01,  ..., -1.2500e+11,
           -1.2500e+11, -1.2500e+11],
          [-1.2500e+11, -1.2500e+11, -3.3419e-02,  ..., -1.2500e+11,
           -1.2500e+11, -1.2500e+11],
          ...,
          [-1.2500e+11, -1.2500e+11, -1.2500e+11,  ..., -1.2500e+11,
           -1.2500e+11, -1.2500e+11],
          [-1.2500e+11, -1.2500e+11, -1.2500e+11,  ..., -2.5000e+11,
           -1.2500e+11, -1.2500e+11],
          [-1.2500e+11, -1.2500e+11, -1.2500e+11,  ..., -2.5000e+11,
           -2.5000e+11, -1.2500e+11]],

         [[-2.5757e-01, -3.7935e-01, -5.4190e-01,  ..., -1.2500e+11,
           -1.2500e+11, -1.2500e+11],
          [-1.2500e+11, -2.2255e-01, -5.2481e-01,  ..., -1.2500e+11,
           -1.2500e+11, -1.2500e+11],
          [-1.2500e+11, -1.2500e+11, -1.3644e-01,  ..., -1.2500e+11,
           -1.2500e+11, -1.2500e+11],
          ...,
          [-1.2500e+11, -1.2500e+11, -1.2500e+11,  ..., -1.2500e+11,
           -1.2500e+11, -1.2500e+11],
          [-1.2500e+11, -1.2500e+11, -1.2500e+11,  ..., -2.5000e+11,
           -1.2500e+11, -1.2500e+11],
          [-1.2500e+11, -1.2500e+11, -1.2500e+11,  ..., -2.5000e+11,
           -2.5000e+11, -1.2500e+11]],

         ...,

         [[ 3.9719e-01,  1.8381e-01, -3.0017e-01,  ..., -1.2500e+11,
           -1.2500e+11, -1.2500e+11],
          [-1.2500e+11, -2.6172e-01, -4.3029e-01,  ..., -1.2500e+11,
           -1.2500e+11, -1.2500e+11],
          [-1.2500e+11, -1.2500e+11,  2.9091e-01,  ..., -1.2500e+11,
           -1.2500e+11, -1.2500e+11],
          ...,
          [-1.2500e+11, -1.2500e+11, -1.2500e+11,  ..., -1.2500e+11,
           -1.2500e+11, -1.2500e+11],
          [-1.2500e+11, -1.2500e+11, -1.2500e+11,  ..., -2.5000e+11,
           -1.2500e+11, -1.2500e+11],
          [-1.2500e+11, -1.2500e+11, -1.2500e+11,  ..., -2.5000e+11,
           -2.5000e+11, -1.2500e+11]],

         [[ 6.8442e-01,  2.4318e-01,  3.6602e-01,  ..., -1.2500e+11,
           -1.2500e+11, -1.2500e+11],
          [-1.2500e+11,  4.5792e-01,  4.3004e-01,  ..., -1.2500e+11,
           -1.2500e+11, -1.2500e+11],
          [-1.2500e+11, -1.2500e+11,  7.6710e-01,  ..., -1.2500e+11,
           -1.2500e+11, -1.2500e+11],
          ...,
          [-1.2500e+11, -1.2500e+11, -1.2500e+11,  ..., -1.2500e+11,
           -1.2500e+11, -1.2500e+11],
          [-1.2500e+11, -1.2500e+11, -1.2500e+11,  ..., -2.5000e+11,
           -1.2500e+11, -1.2500e+11],
          [-1.2500e+11, -1.2500e+11, -1.2500e+11,  ..., -2.5000e+11,
           -2.5000e+11, -1.2500e+11]],

         [[-1.7116e-01, -6.2606e-02, -5.2154e-01,  ..., -1.2500e+11,
           -1.2500e+11, -1.2500e+11],
          [-1.2500e+11, -4.7032e-01, -9.9298e-01,  ..., -1.2500e+11,
           -1.2500e+11, -1.2500e+11],
          [-1.2500e+11, -1.2500e+11, -9.0607e-01,  ..., -1.2500e+11,
           -1.2500e+11, -1.2500e+11],
          ...,
          [-1.2500e+11, -1.2500e+11, -1.2500e+11,  ..., -1.2500e+11,
           -1.2500e+11, -1.2500e+11],
          [-1.2500e+11, -1.2500e+11, -1.2500e+11,  ..., -2.5000e+11,
           -1.2500e+11, -1.2500e+11],
          [-1.2500e+11, -1.2500e+11, -1.2500e+11,  ..., -2.5000e+11,
           -2.5000e+11, -1.2500e+11]]],


        [[[-1.8105e-01, -4.0833e-02,  6.0524e-02,  ..., -1.2500e+11,
           -1.2500e+11, -1.2500e+11],
          [-1.2500e+11, -9.6730e-02, -3.2397e-01,  ..., -1.2500e+11,
           -1.2500e+11, -1.2500e+11],
          [-1.2500e+11, -1.2500e+11,  1.3833e-01,  ..., -1.2500e+11,
           -1.2500e+11, -1.2500e+11],
          ...,
          [-1.2500e+11, -1.2500e+11, -1.2500e+11,  ..., -1.2500e+11,
           -1.2500e+11, -1.2500e+11],
          [-1.2500e+11, -1.2500e+11, -1.2500e+11,  ..., -2.5000e+11,
           -1.2500e+11, -1.2500e+11],
          [-1.2500e+11, -1.2500e+11, -1.2500e+11,  ..., -2.5000e+11,
           -2.5000e+11, -1.2500e+11]],

         [[ 2.4500e-01,  5.4994e-01,  6.0961e-01,  ..., -1.2500e+11,
           -1.2500e+11, -1.2500e+11],
          [-1.2500e+11,  3.6995e-01,  7.6109e-01,  ..., -1.2500e+11,
           -1.2500e+11, -1.2500e+11],
          [-1.2500e+11, -1.2500e+11,  7.6392e-02,  ..., -1.2500e+11,
           -1.2500e+11, -1.2500e+11],
          ...,
          [-1.2500e+11, -1.2500e+11, -1.2500e+11,  ..., -1.2500e+11,
           -1.2500e+11, -1.2500e+11],
          [-1.2500e+11, -1.2500e+11, -1.2500e+11,  ..., -2.5000e+11,
           -1.2500e+11, -1.2500e+11],
          [-1.2500e+11, -1.2500e+11, -1.2500e+11,  ..., -2.5000e+11,
           -2.5000e+11, -1.2500e+11]],

         [[ 7.0995e-02,  1.2810e-01,  8.9426e-02,  ..., -1.2500e+11,
           -1.2500e+11, -1.2500e+11],
          [-1.2500e+11,  7.6710e-01,  7.5022e-01,  ..., -1.2500e+11,
           -1.2500e+11, -1.2500e+11],
          [-1.2500e+11, -1.2500e+11,  4.5236e-01,  ..., -1.2500e+11,
           -1.2500e+11, -1.2500e+11],
          ...,
          [-1.2500e+11, -1.2500e+11, -1.2500e+11,  ..., -1.2500e+11,
           -1.2500e+11, -1.2500e+11],
          [-1.2500e+11, -1.2500e+11, -1.2500e+11,  ..., -2.5000e+11,
           -1.2500e+11, -1.2500e+11],
          [-1.2500e+11, -1.2500e+11, -1.2500e+11,  ..., -2.5000e+11,
           -2.5000e+11, -1.2500e+11]],

         ...,

         [[ 1.8403e-01, -1.8173e-01, -4.0215e-01,  ..., -1.2500e+11,
           -1.2500e+11, -1.2500e+11],
          [-1.2500e+11,  4.5407e-01,  1.0435e-02,  ..., -1.2500e+11,
           -1.2500e+11, -1.2500e+11],
          [-1.2500e+11, -1.2500e+11,  7.3682e-03,  ..., -1.2500e+11,
           -1.2500e+11, -1.2500e+11],
          ...,
          [-1.2500e+11, -1.2500e+11, -1.2500e+11,  ..., -1.2500e+11,
           -1.2500e+11, -1.2500e+11],
          [-1.2500e+11, -1.2500e+11, -1.2500e+11,  ..., -2.5000e+11,
           -1.2500e+11, -1.2500e+11],
          [-1.2500e+11, -1.2500e+11, -1.2500e+11,  ..., -2.5000e+11,
           -2.5000e+11, -1.2500e+11]],

         [[ 7.4736e-01, -5.3018e-02,  1.8682e-01,  ..., -1.2500e+11,
           -1.2500e+11, -1.2500e+11],
          [-1.2500e+11,  3.0697e-01,  4.2949e-01,  ..., -1.2500e+11,
           -1.2500e+11, -1.2500e+11],
          [-1.2500e+11, -1.2500e+11,  5.4575e-01,  ..., -1.2500e+11,
           -1.2500e+11, -1.2500e+11],
          ...,
          [-1.2500e+11, -1.2500e+11, -1.2500e+11,  ..., -1.2500e+11,
           -1.2500e+11, -1.2500e+11],
          [-1.2500e+11, -1.2500e+11, -1.2500e+11,  ..., -2.5000e+11,
           -1.2500e+11, -1.2500e+11],
          [-1.2500e+11, -1.2500e+11, -1.2500e+11,  ..., -2.5000e+11,
           -2.5000e+11, -1.2500e+11]],

         [[-5.1485e-01, -2.9680e-01, -9.0677e-02,  ..., -1.2500e+11,
           -1.2500e+11, -1.2500e+11],
          [-1.2500e+11,  1.3642e-02,  3.5183e-02,  ..., -1.2500e+11,
           -1.2500e+11, -1.2500e+11],
          [-1.2500e+11, -1.2500e+11, -1.6274e-01,  ..., -1.2500e+11,
           -1.2500e+11, -1.2500e+11],
          ...,
          [-1.2500e+11, -1.2500e+11, -1.2500e+11,  ..., -1.2500e+11,
           -1.2500e+11, -1.2500e+11],
          [-1.2500e+11, -1.2500e+11, -1.2500e+11,  ..., -2.5000e+11,
           -1.2500e+11, -1.2500e+11],
          [-1.2500e+11, -1.2500e+11, -1.2500e+11,  ..., -2.5000e+11,
           -2.5000e+11, -1.2500e+11]]]], device='cuda:2',
       grad_fn=<DivBackward0>)
Shape of mention outputs: torch.Size([16, 44, 191, 191])

[Training] 1/8830 [..............................] - ETA: 1:14:21  loss: 5663.0410 Batch size: 16
Batch head positions: tensor([0, 0, 1, 1, 1, 1, 1, 0, 0, 0, 0, 1, 0, 1, 0, 1], device='cuda:2')
Shape of batch_head_positions: torch.Size([16])
Head query: tensor([[[-0.1964, -0.4239, -0.2509,  ...,  0.1731, -0.8532, -0.5120]],

        [[ 0.0793,  0.4847, -0.4259,  ..., -0.0533,  0.1313, -1.2197]],

        [[-0.6580,  0.4323,  0.4065,  ...,  0.1313, -0.1966,  0.2559]],

        ...,

        [[ 0.5532, -0.1051, -1.5827,  ..., -0.5517, -0.2531, -0.2616]],

        [[ 0.0111,  0.0787,  0.7113,  ...,  0.3720, -0.1362,  0.0405]],

        [[ 0.1933,  0.0060, -1.1977,  ..., -0.2644, -1.8264, -1.1599]]],
       device='cuda:2', grad_fn=<UnsqueezeBackward0>)
Shape of head_query: torch.Size([16, 1, 1024])
Mention outputs: tensor([[[[ 1.0129e-01,  9.3946e-02, -6.1745e-01,  ..., -1.2500e+11,
           -1.2500e+11, -1.2500e+11],
          [-1.2500e+11,  3.0988e-01, -4.9788e-01,  ..., -1.2500e+11,
           -1.2500e+11, -1.2500e+11],
          [-1.2500e+11, -1.2500e+11, -2.0870e-01,  ..., -1.2500e+11,
           -1.2500e+11, -1.2500e+11],
          ...,
          [-1.2500e+11, -1.2500e+11, -1.2500e+11,  ..., -1.2500e+11,
           -1.2500e+11, -1.2500e+11],
          [-1.2500e+11, -1.2500e+11, -1.2500e+11,  ..., -2.5000e+11,
           -1.2500e+11, -1.2500e+11],
          [-1.2500e+11, -1.2500e+11, -1.2500e+11,  ..., -2.5000e+11,
           -2.5000e+11, -1.2500e+11]],

         [[ 5.9097e-01,  1.1538e+00,  1.1982e+00,  ..., -1.2500e+11,
           -1.2500e+11, -1.2500e+11],
          [-1.2500e+11,  6.2532e-01,  1.0797e+00,  ..., -1.2500e+11,
           -1.2500e+11, -1.2500e+11],
          [-1.2500e+11, -1.2500e+11,  4.0048e-01,  ..., -1.2500e+11,
           -1.2500e+11, -1.2500e+11],
          ...,
          [-1.2500e+11, -1.2500e+11, -1.2500e+11,  ..., -1.2500e+11,
           -1.2500e+11, -1.2500e+11],
          [-1.2500e+11, -1.2500e+11, -1.2500e+11,  ..., -2.5000e+11,
           -1.2500e+11, -1.2500e+11],
          [-1.2500e+11, -1.2500e+11, -1.2500e+11,  ..., -2.5000e+11,
           -2.5000e+11, -1.2500e+11]],

         [[-2.6564e-01, -1.7639e-01,  2.6052e-01,  ..., -1.2500e+11,
           -1.2500e+11, -1.2500e+11],
          [-1.2500e+11,  5.8315e-02,  1.0208e-01,  ..., -1.2500e+11,
           -1.2500e+11, -1.2500e+11],
          [-1.2500e+11, -1.2500e+11,  6.8566e-01,  ..., -1.2500e+11,
           -1.2500e+11, -1.2500e+11],
          ...,
          [-1.2500e+11, -1.2500e+11, -1.2500e+11,  ..., -1.2500e+11,
           -1.2500e+11, -1.2500e+11],
          [-1.2500e+11, -1.2500e+11, -1.2500e+11,  ..., -2.5000e+11,
           -1.2500e+11, -1.2500e+11],
          [-1.2500e+11, -1.2500e+11, -1.2500e+11,  ..., -2.5000e+11,
           -2.5000e+11, -1.2500e+11]],

         ...,

         [[ 4.3891e-01, -7.4810e-01, -8.5789e-01,  ..., -1.2500e+11,
           -1.2500e+11, -1.2500e+11],
          [-1.2500e+11, -1.5887e-01, -4.0972e-01,  ..., -1.2500e+11,
           -1.2500e+11, -1.2500e+11],
          [-1.2500e+11, -1.2500e+11, -2.0412e-01,  ..., -1.2500e+11,
           -1.2500e+11, -1.2500e+11],
          ...,
          [-1.2500e+11, -1.2500e+11, -1.2500e+11,  ..., -1.2500e+11,
           -1.2500e+11, -1.2500e+11],
          [-1.2500e+11, -1.2500e+11, -1.2500e+11,  ..., -2.5000e+11,
           -1.2500e+11, -1.2500e+11],
          [-1.2500e+11, -1.2500e+11, -1.2500e+11,  ..., -2.5000e+11,
           -2.5000e+11, -1.2500e+11]],

         [[ 1.7086e-01,  1.6713e-01,  4.4409e-01,  ..., -1.2500e+11,
           -1.2500e+11, -1.2500e+11],
          [-1.2500e+11,  5.2782e-01,  7.5701e-01,  ..., -1.2500e+11,
           -1.2500e+11, -1.2500e+11],
          [-1.2500e+11, -1.2500e+11,  8.9644e-01,  ..., -1.2500e+11,
           -1.2500e+11, -1.2500e+11],
          ...,
          [-1.2500e+11, -1.2500e+11, -1.2500e+11,  ..., -1.2500e+11,
           -1.2500e+11, -1.2500e+11],
          [-1.2500e+11, -1.2500e+11, -1.2500e+11,  ..., -2.5000e+11,
           -1.2500e+11, -1.2500e+11],
          [-1.2500e+11, -1.2500e+11, -1.2500e+11,  ..., -2.5000e+11,
           -2.5000e+11, -1.2500e+11]],

         [[-2.2522e-01, -8.4590e-02, -2.8235e-01,  ..., -1.2500e+11,
           -1.2500e+11, -1.2500e+11],
          [-1.2500e+11, -4.8863e-01, -8.7426e-01,  ..., -1.2500e+11,
           -1.2500e+11, -1.2500e+11],
          [-1.2500e+11, -1.2500e+11, -6.1826e-01,  ..., -1.2500e+11,
           -1.2500e+11, -1.2500e+11],
          ...,
          [-1.2500e+11, -1.2500e+11, -1.2500e+11,  ..., -1.2500e+11,
           -1.2500e+11, -1.2500e+11],
          [-1.2500e+11, -1.2500e+11, -1.2500e+11,  ..., -2.5000e+11,
           -1.2500e+11, -1.2500e+11],
          [-1.2500e+11, -1.2500e+11, -1.2500e+11,  ..., -2.5000e+11,
           -2.5000e+11, -1.2500e+11]]],


        [[[ 1.4842e-01,  1.4579e-01, -8.6890e-01,  ..., -1.2500e+11,
           -1.2500e+11, -1.2500e+11],
          [-1.2500e+11,  5.2761e-02, -1.0835e+00,  ..., -1.2500e+11,
           -1.2500e+11, -1.2500e+11],
          [-1.2500e+11, -1.2500e+11, -8.8812e-02,  ..., -1.2500e+11,
           -1.2500e+11, -1.2500e+11],
          ...,
          [-1.2500e+11, -1.2500e+11, -1.2500e+11,  ..., -1.2500e+11,
           -1.2500e+11, -1.2500e+11],
          [-1.2500e+11, -1.2500e+11, -1.2500e+11,  ..., -2.5000e+11,
           -1.2500e+11, -1.2500e+11],
          [-1.2500e+11, -1.2500e+11, -1.2500e+11,  ..., -2.5000e+11,
           -2.5000e+11, -1.2500e+11]],

         [[-1.6697e-01,  1.0910e-01, -3.6552e-01,  ..., -1.2500e+11,
           -1.2500e+11, -1.2500e+11],
          [-1.2500e+11,  2.1058e-01, -9.7769e-02,  ..., -1.2500e+11,
           -1.2500e+11, -1.2500e+11],
          [-1.2500e+11, -1.2500e+11, -2.0227e-01,  ..., -1.2500e+11,
           -1.2500e+11, -1.2500e+11],
          ...,
          [-1.2500e+11, -1.2500e+11, -1.2500e+11,  ..., -1.2500e+11,
           -1.2500e+11, -1.2500e+11],
          [-1.2500e+11, -1.2500e+11, -1.2500e+11,  ..., -2.5000e+11,
           -1.2500e+11, -1.2500e+11],
          [-1.2500e+11, -1.2500e+11, -1.2500e+11,  ..., -2.5000e+11,
           -2.5000e+11, -1.2500e+11]],

         [[ 1.1830e-01,  1.3818e-01,  1.4197e-01,  ..., -1.2500e+11,
           -1.2500e+11, -1.2500e+11],
          [-1.2500e+11,  6.5638e-02,  6.5612e-02,  ..., -1.2500e+11,
           -1.2500e+11, -1.2500e+11],
          [-1.2500e+11, -1.2500e+11,  2.7294e-02,  ..., -1.2500e+11,
           -1.2500e+11, -1.2500e+11],
          ...,
          [-1.2500e+11, -1.2500e+11, -1.2500e+11,  ..., -1.2500e+11,
           -1.2500e+11, -1.2500e+11],
          [-1.2500e+11, -1.2500e+11, -1.2500e+11,  ..., -2.5000e+11,
           -1.2500e+11, -1.2500e+11],
          [-1.2500e+11, -1.2500e+11, -1.2500e+11,  ..., -2.5000e+11,
           -2.5000e+11, -1.2500e+11]],

         ...,

         [[ 3.1708e-01, -2.1524e-01, -7.0450e-02,  ..., -1.2500e+11,
           -1.2500e+11, -1.2500e+11],
          [-1.2500e+11, -2.7651e-01, -4.8760e-02,  ..., -1.2500e+11,
           -1.2500e+11, -1.2500e+11],
          [-1.2500e+11, -1.2500e+11,  2.8396e-01,  ..., -1.2500e+11,
           -1.2500e+11, -1.2500e+11],
          ...,
          [-1.2500e+11, -1.2500e+11, -1.2500e+11,  ..., -1.2500e+11,
           -1.2500e+11, -1.2500e+11],
          [-1.2500e+11, -1.2500e+11, -1.2500e+11,  ..., -2.5000e+11,
           -1.2500e+11, -1.2500e+11],
          [-1.2500e+11, -1.2500e+11, -1.2500e+11,  ..., -2.5000e+11,
           -2.5000e+11, -1.2500e+11]],

         [[ 4.2493e-01,  4.9977e-02, -4.3367e-01,  ..., -1.2500e+11,
           -1.2500e+11, -1.2500e+11],
          [-1.2500e+11, -2.2313e-02, -2.6780e-01,  ..., -1.2500e+11,
           -1.2500e+11, -1.2500e+11],
          [-1.2500e+11, -1.2500e+11, -1.1346e-01,  ..., -1.2500e+11,
           -1.2500e+11, -1.2500e+11],
          ...,
          [-1.2500e+11, -1.2500e+11, -1.2500e+11,  ..., -1.2500e+11,
           -1.2500e+11, -1.2500e+11],
          [-1.2500e+11, -1.2500e+11, -1.2500e+11,  ..., -2.5000e+11,
           -1.2500e+11, -1.2500e+11],
          [-1.2500e+11, -1.2500e+11, -1.2500e+11,  ..., -2.5000e+11,
           -2.5000e+11, -1.2500e+11]],

         [[-8.3215e-01, -3.7076e-01, -6.7686e-01,  ..., -1.2500e+11,
           -1.2500e+11, -1.2500e+11],
          [-1.2500e+11, -1.7592e-01, -3.8243e-01,  ..., -1.2500e+11,
           -1.2500e+11, -1.2500e+11],
          [-1.2500e+11, -1.2500e+11,  2.5189e-02,  ..., -1.2500e+11,
           -1.2500e+11, -1.2500e+11],
          ...,
          [-1.2500e+11, -1.2500e+11, -1.2500e+11,  ..., -1.2500e+11,
           -1.2500e+11, -1.2500e+11],
          [-1.2500e+11, -1.2500e+11, -1.2500e+11,  ..., -2.5000e+11,
           -1.2500e+11, -1.2500e+11],
          [-1.2500e+11, -1.2500e+11, -1.2500e+11,  ..., -2.5000e+11,
           -2.5000e+11, -1.2500e+11]]],


        [[[-1.0977e-01,  1.3610e-01, -3.7212e-01,  ...,  4.7419e-01,
           -1.4931e-02, -1.8288e-01],
          [-1.2500e+11,  2.3081e-01, -3.8720e-01,  ...,  2.9342e-01,
           -3.6076e-02, -9.3583e-02],
          [-1.2500e+11, -1.2500e+11, -6.7996e-02,  ...,  8.8016e-02,
           -1.8823e-01,  9.2195e-02],
          ...,
          [-1.2500e+11, -1.2500e+11, -1.2500e+11,  ...,  2.0721e-01,
            3.1996e-01,  2.7112e-02],
          [-1.2500e+11, -1.2500e+11, -1.2500e+11,  ..., -1.2500e+11,
            3.9324e-01,  3.2389e-01],
          [-1.2500e+11, -1.2500e+11, -1.2500e+11,  ..., -1.2500e+11,
           -1.2500e+11,  4.0721e-01]],

         [[ 3.1262e-01,  4.9965e-01,  7.7952e-01,  ..., -4.6542e-01,
            9.3893e-01,  6.6932e-01],
          [-1.2500e+11,  8.9872e-01,  1.0708e+00,  ..., -7.1807e-01,
            7.3286e-01,  6.8485e-01],
          [-1.2500e+11, -1.2500e+11,  4.3289e-01,  ..., -1.1211e+00,
            1.8086e-01,  4.2276e-01],
          ...,
          [-1.2500e+11, -1.2500e+11, -1.2500e+11,  ...,  2.0972e-01,
            3.4147e-01,  6.7455e-02],
          [-1.2500e+11, -1.2500e+11, -1.2500e+11,  ..., -1.2500e+11,
            1.6659e-01, -4.5468e-03],
          [-1.2500e+11, -1.2500e+11, -1.2500e+11,  ..., -1.2500e+11,
           -1.2500e+11,  1.0411e-01]],

         [[ 2.2512e-01,  4.4341e-01,  2.8618e-01,  ...,  7.7127e-02,
            1.7240e-01,  3.2777e-01],
          [-1.2500e+11,  6.0550e-01,  1.2349e-01,  ...,  7.0150e-02,
           -9.6033e-02, -1.7753e-01],
          [-1.2500e+11, -1.2500e+11,  6.9988e-01,  ...,  4.0625e-01,
           -7.6215e-02, -2.2966e-01],
          ...,
          [-1.2500e+11, -1.2500e+11, -1.2500e+11,  ...,  5.4721e-01,
            3.7419e-01,  4.5292e-01],
          [-1.2500e+11, -1.2500e+11, -1.2500e+11,  ..., -1.2500e+11,
            7.9065e-01,  6.7466e-01],
          [-1.2500e+11, -1.2500e+11, -1.2500e+11,  ..., -1.2500e+11,
           -1.2500e+11,  9.3354e-01]],

         ...,

         [[-4.6180e-01, -1.1571e+00, -1.1034e+00,  ..., -1.6863e-01,
           -9.3011e-02, -1.4592e-01],
          [-1.2500e+11, -9.1688e-01, -6.3478e-01,  ..., -6.3067e-03,
            9.6039e-02,  1.0439e-01],
          [-1.2500e+11, -1.2500e+11, -6.1425e-01,  ...,  5.4781e-02,
           -4.3271e-02,  1.0893e-01],
          ...,
          [-1.2500e+11, -1.2500e+11, -1.2500e+11,  ..., -4.8846e-01,
           -4.5177e-01, -5.8333e-01],
          [-1.2500e+11, -1.2500e+11, -1.2500e+11,  ..., -1.2500e+11,
           -8.4934e-01, -7.0557e-01],
          [-1.2500e+11, -1.2500e+11, -1.2500e+11,  ..., -1.2500e+11,
           -1.2500e+11, -5.8937e-01]],

         [[ 9.8299e-01,  8.4427e-01,  3.6819e-01,  ...,  4.0998e-01,
            2.9285e-01,  3.8852e-02],
          [-1.2500e+11,  4.1672e-01,  2.9164e-02,  ...,  3.8866e-01,
            4.2131e-01,  2.2891e-01],
          [-1.2500e+11, -1.2500e+11,  6.2717e-01,  ..., -3.9920e-02,
            5.6104e-01,  4.6279e-01],
          ...,
          [-1.2500e+11, -1.2500e+11, -1.2500e+11,  ...,  9.7145e-01,
            3.5519e-02,  9.1452e-02],
          [-1.2500e+11, -1.2500e+11, -1.2500e+11,  ..., -1.2500e+11,
           -2.7654e-01, -4.5993e-01],
          [-1.2500e+11, -1.2500e+11, -1.2500e+11,  ..., -1.2500e+11,
           -1.2500e+11, -4.1287e-01]],

         [[-6.0248e-01, -5.0080e-01, -7.9732e-01,  ..., -1.5424e-01,
           -3.2644e-01, -2.0040e-01],
          [-1.2500e+11, -5.1356e-01, -1.0934e+00,  ..., -4.0865e-01,
           -7.3749e-01, -6.3464e-01],
          [-1.2500e+11, -1.2500e+11, -5.9207e-01,  ..., -4.0120e-01,
           -2.6052e-01, -1.3716e-01],
          ...,
          [-1.2500e+11, -1.2500e+11, -1.2500e+11,  ..., -2.9803e-01,
           -1.0338e+00, -8.7661e-01],
          [-1.2500e+11, -1.2500e+11, -1.2500e+11,  ..., -1.2500e+11,
           -4.4142e-01, -2.2159e-01],
          [-1.2500e+11, -1.2500e+11, -1.2500e+11,  ..., -1.2500e+11,
           -1.2500e+11, -2.3232e-01]]],


        ...,


        [[[ 7.3861e-01,  9.5346e-01,  6.1622e-01,  ..., -1.2500e+11,
           -1.2500e+11, -1.2500e+11],
          [-1.2500e+11,  5.9293e-01,  2.7084e-01,  ..., -1.2500e+11,
           -1.2500e+11, -1.2500e+11],
          [-1.2500e+11, -1.2500e+11,  2.6640e-01,  ..., -1.2500e+11,
           -1.2500e+11, -1.2500e+11],
          ...,
          [-1.2500e+11, -1.2500e+11, -1.2500e+11,  ..., -1.2500e+11,
           -1.2500e+11, -1.2500e+11],
          [-1.2500e+11, -1.2500e+11, -1.2500e+11,  ..., -2.5000e+11,
           -1.2500e+11, -1.2500e+11],
          [-1.2500e+11, -1.2500e+11, -1.2500e+11,  ..., -2.5000e+11,
           -2.5000e+11, -1.2500e+11]],

         [[ 2.2205e-01,  3.8441e-01,  1.9631e-01,  ..., -1.2500e+11,
           -1.2500e+11, -1.2500e+11],
          [-1.2500e+11,  5.0500e-01,  3.1869e-01,  ..., -1.2500e+11,
           -1.2500e+11, -1.2500e+11],
          [-1.2500e+11, -1.2500e+11,  1.4845e-01,  ..., -1.2500e+11,
           -1.2500e+11, -1.2500e+11],
          ...,
          [-1.2500e+11, -1.2500e+11, -1.2500e+11,  ..., -1.2500e+11,
           -1.2500e+11, -1.2500e+11],
          [-1.2500e+11, -1.2500e+11, -1.2500e+11,  ..., -2.5000e+11,
           -1.2500e+11, -1.2500e+11],
          [-1.2500e+11, -1.2500e+11, -1.2500e+11,  ..., -2.5000e+11,
           -2.5000e+11, -1.2500e+11]],

         [[ 2.4524e-01,  3.1997e-01,  5.3580e-01,  ..., -1.2500e+11,
           -1.2500e+11, -1.2500e+11],
          [-1.2500e+11,  1.0259e-01,  4.8983e-01,  ..., -1.2500e+11,
           -1.2500e+11, -1.2500e+11],
          [-1.2500e+11, -1.2500e+11,  4.1680e-01,  ..., -1.2500e+11,
           -1.2500e+11, -1.2500e+11],
          ...,
          [-1.2500e+11, -1.2500e+11, -1.2500e+11,  ..., -1.2500e+11,
           -1.2500e+11, -1.2500e+11],
          [-1.2500e+11, -1.2500e+11, -1.2500e+11,  ..., -2.5000e+11,
           -1.2500e+11, -1.2500e+11],
          [-1.2500e+11, -1.2500e+11, -1.2500e+11,  ..., -2.5000e+11,
           -2.5000e+11, -1.2500e+11]],

         ...,

         [[-4.8867e-01, -9.5800e-01, -8.8927e-01,  ..., -1.2500e+11,
           -1.2500e+11, -1.2500e+11],
          [-1.2500e+11, -6.0714e-01, -7.3373e-01,  ..., -1.2500e+11,
           -1.2500e+11, -1.2500e+11],
          [-1.2500e+11, -1.2500e+11, -4.1493e-01,  ..., -1.2500e+11,
           -1.2500e+11, -1.2500e+11],
          ...,
          [-1.2500e+11, -1.2500e+11, -1.2500e+11,  ..., -1.2500e+11,
           -1.2500e+11, -1.2500e+11],
          [-1.2500e+11, -1.2500e+11, -1.2500e+11,  ..., -2.5000e+11,
           -1.2500e+11, -1.2500e+11],
          [-1.2500e+11, -1.2500e+11, -1.2500e+11,  ..., -2.5000e+11,
           -2.5000e+11, -1.2500e+11]],

         [[ 3.5409e-01,  3.0710e-01,  3.9720e-01,  ..., -1.2500e+11,
           -1.2500e+11, -1.2500e+11],
          [-1.2500e+11,  3.2836e-01,  7.2658e-01,  ..., -1.2500e+11,
           -1.2500e+11, -1.2500e+11],
          [-1.2500e+11, -1.2500e+11,  4.9170e-01,  ..., -1.2500e+11,
           -1.2500e+11, -1.2500e+11],
          ...,
          [-1.2500e+11, -1.2500e+11, -1.2500e+11,  ..., -1.2500e+11,
           -1.2500e+11, -1.2500e+11],
          [-1.2500e+11, -1.2500e+11, -1.2500e+11,  ..., -2.5000e+11,
           -1.2500e+11, -1.2500e+11],
          [-1.2500e+11, -1.2500e+11, -1.2500e+11,  ..., -2.5000e+11,
           -2.5000e+11, -1.2500e+11]],

         [[-2.1113e-01,  2.8335e-02, -6.1298e-01,  ..., -1.2500e+11,
           -1.2500e+11, -1.2500e+11],
          [-1.2500e+11,  4.4366e-01, -1.5567e-03,  ..., -1.2500e+11,
           -1.2500e+11, -1.2500e+11],
          [-1.2500e+11, -1.2500e+11, -4.5032e-01,  ..., -1.2500e+11,
           -1.2500e+11, -1.2500e+11],
          ...,
          [-1.2500e+11, -1.2500e+11, -1.2500e+11,  ..., -1.2500e+11,
           -1.2500e+11, -1.2500e+11],
          [-1.2500e+11, -1.2500e+11, -1.2500e+11,  ..., -2.5000e+11,
           -1.2500e+11, -1.2500e+11],
          [-1.2500e+11, -1.2500e+11, -1.2500e+11,  ..., -2.5000e+11,
           -2.5000e+11, -1.2500e+11]]],


        [[[-7.2374e-01, -4.3506e-01, -5.2672e-01,  ..., -1.2500e+11,
           -1.2500e+11, -1.2500e+11],
          [-1.2500e+11,  4.1308e-01,  1.4459e-01,  ..., -1.2500e+11,
           -1.2500e+11, -1.2500e+11],
          [-1.2500e+11, -1.2500e+11,  1.4826e-01,  ..., -1.2500e+11,
           -1.2500e+11, -1.2500e+11],
          ...,
          [-1.2500e+11, -1.2500e+11, -1.2500e+11,  ..., -1.2500e+11,
           -1.2500e+11, -1.2500e+11],
          [-1.2500e+11, -1.2500e+11, -1.2500e+11,  ..., -2.5000e+11,
           -1.2500e+11, -1.2500e+11],
          [-1.2500e+11, -1.2500e+11, -1.2500e+11,  ..., -2.5000e+11,
           -2.5000e+11, -1.2500e+11]],

         [[ 4.0210e-02,  5.0564e-01,  2.9737e-01,  ..., -1.2500e+11,
           -1.2500e+11, -1.2500e+11],
          [-1.2500e+11, -1.5106e-01,  2.7365e-01,  ..., -1.2500e+11,
           -1.2500e+11, -1.2500e+11],
          [-1.2500e+11, -1.2500e+11,  3.8339e-01,  ..., -1.2500e+11,
           -1.2500e+11, -1.2500e+11],
          ...,
          [-1.2500e+11, -1.2500e+11, -1.2500e+11,  ..., -1.2500e+11,
           -1.2500e+11, -1.2500e+11],
          [-1.2500e+11, -1.2500e+11, -1.2500e+11,  ..., -2.5000e+11,
           -1.2500e+11, -1.2500e+11],
          [-1.2500e+11, -1.2500e+11, -1.2500e+11,  ..., -2.5000e+11,
           -2.5000e+11, -1.2500e+11]],

         [[-5.6671e-02, -2.3030e-01,  1.0832e-01,  ..., -1.2500e+11,
           -1.2500e+11, -1.2500e+11],
          [-1.2500e+11,  2.3350e-01,  3.0174e-01,  ..., -1.2500e+11,
           -1.2500e+11, -1.2500e+11],
          [-1.2500e+11, -1.2500e+11,  8.0612e-01,  ..., -1.2500e+11,
           -1.2500e+11, -1.2500e+11],
          ...,
          [-1.2500e+11, -1.2500e+11, -1.2500e+11,  ..., -1.2500e+11,
           -1.2500e+11, -1.2500e+11],
          [-1.2500e+11, -1.2500e+11, -1.2500e+11,  ..., -2.5000e+11,
           -1.2500e+11, -1.2500e+11],
          [-1.2500e+11, -1.2500e+11, -1.2500e+11,  ..., -2.5000e+11,
           -2.5000e+11, -1.2500e+11]],

         ...,

         [[ 1.3613e-01, -9.8617e-01, -6.4125e-01,  ..., -1.2500e+11,
           -1.2500e+11, -1.2500e+11],
          [-1.2500e+11, -1.2583e+00, -1.0777e+00,  ..., -1.2500e+11,
           -1.2500e+11, -1.2500e+11],
          [-1.2500e+11, -1.2500e+11, -1.0658e+00,  ..., -1.2500e+11,
           -1.2500e+11, -1.2500e+11],
          ...,
          [-1.2500e+11, -1.2500e+11, -1.2500e+11,  ..., -1.2500e+11,
           -1.2500e+11, -1.2500e+11],
          [-1.2500e+11, -1.2500e+11, -1.2500e+11,  ..., -2.5000e+11,
           -1.2500e+11, -1.2500e+11],
          [-1.2500e+11, -1.2500e+11, -1.2500e+11,  ..., -2.5000e+11,
           -2.5000e+11, -1.2500e+11]],

         [[ 2.1307e-01,  2.1867e-01,  3.9461e-01,  ..., -1.2500e+11,
           -1.2500e+11, -1.2500e+11],
          [-1.2500e+11, -5.2472e-02,  1.8685e-01,  ..., -1.2500e+11,
           -1.2500e+11, -1.2500e+11],
          [-1.2500e+11, -1.2500e+11,  4.3147e-01,  ..., -1.2500e+11,
           -1.2500e+11, -1.2500e+11],
          ...,
          [-1.2500e+11, -1.2500e+11, -1.2500e+11,  ..., -1.2500e+11,
           -1.2500e+11, -1.2500e+11],
          [-1.2500e+11, -1.2500e+11, -1.2500e+11,  ..., -2.5000e+11,
           -1.2500e+11, -1.2500e+11],
          [-1.2500e+11, -1.2500e+11, -1.2500e+11,  ..., -2.5000e+11,
           -2.5000e+11, -1.2500e+11]],

         [[-1.0259e+00, -4.5115e-01, -3.7479e-01,  ..., -1.2500e+11,
           -1.2500e+11, -1.2500e+11],
          [-1.2500e+11, -9.1633e-01, -5.6288e-01,  ..., -1.2500e+11,
           -1.2500e+11, -1.2500e+11],
          [-1.2500e+11, -1.2500e+11, -4.8696e-01,  ..., -1.2500e+11,
           -1.2500e+11, -1.2500e+11],
          ...,
          [-1.2500e+11, -1.2500e+11, -1.2500e+11,  ..., -1.2500e+11,
           -1.2500e+11, -1.2500e+11],
          [-1.2500e+11, -1.2500e+11, -1.2500e+11,  ..., -2.5000e+11,
           -1.2500e+11, -1.2500e+11],
          [-1.2500e+11, -1.2500e+11, -1.2500e+11,  ..., -2.5000e+11,
           -2.5000e+11, -1.2500e+11]]],


        [[[-3.6736e-02,  3.0850e-01, -4.7489e-01,  ..., -1.2500e+11,
           -1.2500e+11, -1.2500e+11],
          [-1.2500e+11,  6.2514e-01, -2.8037e-01,  ..., -1.2500e+11,
           -1.2500e+11, -1.2500e+11],
          [-1.2500e+11, -1.2500e+11, -1.5433e-01,  ..., -1.2500e+11,
           -1.2500e+11, -1.2500e+11],
          ...,
          [-1.2500e+11, -1.2500e+11, -1.2500e+11,  ..., -1.2500e+11,
           -1.2500e+11, -1.2500e+11],
          [-1.2500e+11, -1.2500e+11, -1.2500e+11,  ..., -2.5000e+11,
           -1.2500e+11, -1.2500e+11],
          [-1.2500e+11, -1.2500e+11, -1.2500e+11,  ..., -2.5000e+11,
           -2.5000e+11, -1.2500e+11]],

         [[ 1.5770e-01,  4.8152e-01,  2.5153e-01,  ..., -1.2500e+11,
           -1.2500e+11, -1.2500e+11],
          [-1.2500e+11,  8.8450e-01,  9.1658e-01,  ..., -1.2500e+11,
           -1.2500e+11, -1.2500e+11],
          [-1.2500e+11, -1.2500e+11,  3.7612e-01,  ..., -1.2500e+11,
           -1.2500e+11, -1.2500e+11],
          ...,
          [-1.2500e+11, -1.2500e+11, -1.2500e+11,  ..., -1.2500e+11,
           -1.2500e+11, -1.2500e+11],
          [-1.2500e+11, -1.2500e+11, -1.2500e+11,  ..., -2.5000e+11,
           -1.2500e+11, -1.2500e+11],
          [-1.2500e+11, -1.2500e+11, -1.2500e+11,  ..., -2.5000e+11,
           -2.5000e+11, -1.2500e+11]],

         [[ 3.0644e-01,  5.4481e-01,  1.4400e-01,  ..., -1.2500e+11,
           -1.2500e+11, -1.2500e+11],
          [-1.2500e+11,  7.6147e-01,  4.6093e-01,  ..., -1.2500e+11,
           -1.2500e+11, -1.2500e+11],
          [-1.2500e+11, -1.2500e+11, -3.0961e-02,  ..., -1.2500e+11,
           -1.2500e+11, -1.2500e+11],
          ...,
          [-1.2500e+11, -1.2500e+11, -1.2500e+11,  ..., -1.2500e+11,
           -1.2500e+11, -1.2500e+11],
          [-1.2500e+11, -1.2500e+11, -1.2500e+11,  ..., -2.5000e+11,
           -1.2500e+11, -1.2500e+11],
          [-1.2500e+11, -1.2500e+11, -1.2500e+11,  ..., -2.5000e+11,
           -2.5000e+11, -1.2500e+11]],

         ...,

         [[-3.2511e-01, -5.0119e-01, -5.1551e-01,  ..., -1.2500e+11,
           -1.2500e+11, -1.2500e+11],
          [-1.2500e+11, -5.3626e-01,  2.6263e-01,  ..., -1.2500e+11,
           -1.2500e+11, -1.2500e+11],
          [-1.2500e+11, -1.2500e+11, -2.1335e-01,  ..., -1.2500e+11,
           -1.2500e+11, -1.2500e+11],
          ...,
          [-1.2500e+11, -1.2500e+11, -1.2500e+11,  ..., -1.2500e+11,
           -1.2500e+11, -1.2500e+11],
          [-1.2500e+11, -1.2500e+11, -1.2500e+11,  ..., -2.5000e+11,
           -1.2500e+11, -1.2500e+11],
          [-1.2500e+11, -1.2500e+11, -1.2500e+11,  ..., -2.5000e+11,
           -2.5000e+11, -1.2500e+11]],

         [[ 1.1052e+00,  9.3820e-01,  1.1073e+00,  ..., -1.2500e+11,
           -1.2500e+11, -1.2500e+11],
          [-1.2500e+11,  1.0837e+00,  9.9367e-01,  ..., -1.2500e+11,
           -1.2500e+11, -1.2500e+11],
          [-1.2500e+11, -1.2500e+11,  1.2301e+00,  ..., -1.2500e+11,
           -1.2500e+11, -1.2500e+11],
          ...,
          [-1.2500e+11, -1.2500e+11, -1.2500e+11,  ..., -1.2500e+11,
           -1.2500e+11, -1.2500e+11],
          [-1.2500e+11, -1.2500e+11, -1.2500e+11,  ..., -2.5000e+11,
           -1.2500e+11, -1.2500e+11],
          [-1.2500e+11, -1.2500e+11, -1.2500e+11,  ..., -2.5000e+11,
           -2.5000e+11, -1.2500e+11]],

         [[-2.9897e-01, -2.0544e-01, -6.7969e-01,  ..., -1.2500e+11,
           -1.2500e+11, -1.2500e+11],
          [-1.2500e+11,  7.1153e-03, -4.9553e-01,  ..., -1.2500e+11,
           -1.2500e+11, -1.2500e+11],
          [-1.2500e+11, -1.2500e+11, -3.4786e-01,  ..., -1.2500e+11,
           -1.2500e+11, -1.2500e+11],
          ...,
          [-1.2500e+11, -1.2500e+11, -1.2500e+11,  ..., -1.2500e+11,
           -1.2500e+11, -1.2500e+11],
          [-1.2500e+11, -1.2500e+11, -1.2500e+11,  ..., -2.5000e+11,
           -1.2500e+11, -1.2500e+11],
          [-1.2500e+11, -1.2500e+11, -1.2500e+11,  ..., -2.5000e+11,
           -2.5000e+11, -1.2500e+11]]]], device='cuda:2',
       grad_fn=<DivBackward0>)
Shape of mention outputs: torch.Size([16, 44, 153, 153])

[Training] 2/8830 [..............................] - ETA: 1:29:36  loss: 5519.0361 Batch size: 16