[Predicting] 1/4482 [..............................] - ETA: 0sShape of outputs: (44, 68, 68)
Outputs values: [[[           -inf            -inf            -inf ...            -inf
              -inf            -inf]
  [           -inf -1.41908588e+01 -4.24479828e+01 ... -4.91831398e+01
   -4.58351822e+01            -inf]
  [           -inf -1.24999999e+11 -1.25973419e+02 ... -1.21956268e+02
   -1.11361877e+02            -inf]
  ...
  [           -inf -1.24999999e+11 -1.24999999e+11 ... -1.14409073e+02
   -1.05291588e+02            -inf]
  [           -inf -1.24999999e+11 -1.24999999e+11 ... -1.24999999e+11
   -9.67551804e+01            -inf]
  [           -inf            -inf            -inf ...            -inf
              -inf            -inf]]

 [[           -inf            -inf            -inf ...            -inf
              -inf            -inf]
  [           -inf -8.29248428e+00 -3.88694878e+01 ... -5.22903328e+01
   -4.50799942e+01            -inf]
  [           -inf -1.24999999e+11 -1.01422798e+02 ... -1.15287239e+02
   -1.00662521e+02            -inf]
  ...
  [           -inf -1.24999999e+11 -1.24999999e+11 ... -9.22808762e+01
   -8.10576324e+01            -inf]
  [           -inf -1.24999999e+11 -1.24999999e+11 ... -1.24999999e+11
   -7.03890610e+01            -inf]
  [           -inf            -inf            -inf ...            -inf
              -inf            -inf]]

 [[           -inf            -inf            -inf ...            -inf
              -inf            -inf]
  [           -inf -1.85591602e+01 -4.81479797e+01 ... -4.37350082e+01
   -4.04150543e+01            -inf]
  [           -inf -1.24999999e+11 -1.27297089e+02 ... -1.16177986e+02
   -1.04702629e+02            -inf]
  ...
  [           -inf -1.24999999e+11 -1.24999999e+11 ... -1.19109146e+02
   -1.09443275e+02            -inf]
  [           -inf -1.24999999e+11 -1.24999999e+11 ... -1.24999999e+11
   -9.53519440e+01            -inf]
  [           -inf            -inf            -inf ...            -inf
              -inf            -inf]]

 ...

 [[           -inf            -inf            -inf ...            -inf
              -inf            -inf]
  [           -inf -1.97394085e+01 -4.74336815e+01 ... -5.36664009e+01
   -4.99322929e+01            -inf]
  [           -inf -1.24999999e+11 -1.06219070e+02 ... -1.07831757e+02
   -9.75272141e+01            -inf]
  ...
  [           -inf -1.24999999e+11 -1.24999999e+11 ... -9.81241150e+01
   -9.01419373e+01            -inf]
  [           -inf -1.24999999e+11 -1.24999999e+11 ... -1.24999999e+11
   -7.98831406e+01            -inf]
  [           -inf            -inf            -inf ...            -inf
              -inf            -inf]]

 [[           -inf            -inf            -inf ...            -inf
              -inf            -inf]
  [           -inf -1.77460670e+01 -4.25351257e+01 ... -4.53165054e+01
   -4.31490669e+01            -inf]
  [           -inf -1.24999999e+11 -9.94635315e+01 ... -1.00860344e+02
   -9.57110291e+01            -inf]
  ...
  [           -inf -1.24999999e+11 -1.24999999e+11 ... -8.84443207e+01
   -8.56595535e+01            -inf]
  [           -inf -1.24999999e+11 -1.24999999e+11 ... -1.24999999e+11
   -7.32610092e+01            -inf]
  [           -inf            -inf            -inf ...            -inf
              -inf            -inf]]

 [[           -inf            -inf            -inf ...            -inf
              -inf            -inf]
  [           -inf -1.64971905e+01 -4.79532852e+01 ... -5.31558647e+01
   -4.77656517e+01            -inf]
  [           -inf -1.24999999e+11 -1.14674263e+02 ... -1.15902580e+02
   -1.05196289e+02            -inf]
  ...
  [           -inf -1.24999999e+11 -1.24999999e+11 ... -1.03249100e+02
   -9.72809677e+01            -inf]
  [           -inf -1.24999999e+11 -1.24999999e+11 ... -1.24999999e+11
   -8.29710236e+01            -inf]
  [           -inf            -inf            -inf ...            -inf
              -inf            -inf]]]
np.where results: (array([12, 12, 12, 26, 26, 26, 26]), array([ 1, 25, 29,  1, 25, 25, 29]), array([ 1, 25, 29,  1, 25, 29, 29]))
Length of zipped results: 7
Shape of first zipped result: 3